============================================================
  Generated by:           Genus(TM) Synthesis Solution 22.17-s071_1
  Generated on:           May 09 2025  09:37:25 am
  Module:                 risc_cpu
  Operating conditions:   slow 
  Interconnect mode:      global
  Area mode:              physical library
============================================================

Timing
--------

Clock Period 
-------------
clk   5000.0 


        Cost          Critical         Violating 
       Group         Path Slack  TNS     Paths   
-------------------------------------------------
C2C                       114.9   0.0          0 
C2O                      2237.1   0.0          0 
cg_enable_group_clk       950.5   0.0          0 
clk                    No paths   0.0            
default                No paths   0.0            
I2C                      1478.7   0.0          0 
I2O                    No paths   0.0            
-------------------------------------------------
Total                             0.0          0 

Instance Count
--------------
Leaf Instance Count             790 
Physical Instance count           0 
Sequential Instance Count       343 
Combinational Instance Count    447 
Hierarchical Instance Count      37 

Area
----
Cell Area                          2793.798
Physical Cell Area                 0.000
Total Cell Area (Cell+Physical)    2793.798
Net Area                           876.095
Total Area (Cell+Physical+Net)     3669.893

Runtime                            0.0 seconds
Elapsed Runtime                    57 seconds
Genus peak memory usage            1632.42 
Innovus peak memory usage          no_value 
Hostname                           vlsiktmt
