============================================================
  Generated by:           Genus(TM) Synthesis Solution 22.17-s071_1
  Generated on:           May 09 2025  09:22:42 am
  Module:                 risc_cpu
  Technology libraries:   slow_1v0 
                          pll 0.0
                          CDK_S128x16 0.0
                          CDK_S256x16 0.0
                          CDK_R512x16 0.0
                          physical_cells 
                          slow_1v0 
                          pll 0.0
                          CDK_S128x16 0.0
                          CDK_S256x16 0.0
                          CDK_R512x16 0.0
                          physical_cells 
  Operating conditions:   slow 
  Interconnect mode:      global
  Area mode:              physical library
============================================================

Timing
--------

Clock Period 
-------------
clk   5000.0 


  Cost    Critical         Violating 
 Group   Path Slack  TNS     Paths   
-------------------------------------
clk           872.1   0.0          0 
default    No paths   0.0            
-------------------------------------
Total                 0.0          0 

Instance Count
--------------
Leaf Instance Count             737 
Physical Instance count           0 
Sequential Instance Count       306 
Combinational Instance Count    431 
Hierarchical Instance Count       0 

Area
----
Cell Area                          3025.332
Physical Cell Area                 0.000
Total Cell Area (Cell+Physical)    3025.332
Net Area                           1050.227
Total Area (Cell+Physical+Net)     4075.559

Runtime                            0.0 seconds
Elapsed Runtime                    53 seconds
Genus peak memory usage            1607.84 
Innovus peak memory usage          no_value 
Hostname                           vlsiktmt
